[debug] [2023-07-16T03:10:54.473Z] ----------------------------------------------------------------------
[debug] [2023-07-16T03:10:54.476Z] Command:       C:\Program Files\nodejs\node.exe C:\Users\HP\AppData\Roaming\npm\node_modules\firebase-tools\lib\bin\firebase.js init
[debug] [2023-07-16T03:10:54.476Z] CLI Version:   12.4.4
[debug] [2023-07-16T03:10:54.477Z] Platform:      win32
[debug] [2023-07-16T03:10:54.477Z] Node Version:  v18.14.0
[debug] [2023-07-16T03:10:54.487Z] Time:          Sun Jul 16 2023 08:40:54 GMT+0530 (India Standard Time)
[debug] [2023-07-16T03:10:54.488Z] ----------------------------------------------------------------------
[debug] 
[debug] [2023-07-16T03:10:54.500Z] > command requires scopes: ["email","openid","https://www.googleapis.com/auth/cloudplatformprojects.readonly","https://www.googleapis.com/auth/firebase","https://www.googleapis.com/auth/cloud-platform"]
[debug] [2023-07-16T03:10:54.501Z] > authorizing via signed-in user (gitsketch@gmail.com)
[info] 
     ######## #### ########  ######## ########     ###     ######  ########
     ##        ##  ##     ## ##       ##     ##  ##   ##  ##       ##
     ######    ##  ########  ######   ########  #########  ######  ######
     ##        ##  ##    ##  ##       ##     ## ##     ##       ## ##
     ##       #### ##     ## ######## ########  ##     ##  ######  ########

You're about to initialize a Firebase project in this directory:

  S:\deploy base\angular-firebase-crud-master\project

[info] 
=== Project Setup
[info] 
[info] First, let's associate this project directory with a Firebase project.
[info] You can create multiple project aliases by running firebase use --add, 
[info] but for now we'll just set up a default project.
[info] 
[debug] [2023-07-16T03:11:00.771Z] >>> [apiv2][query] GET https://firebase.googleapis.com/v1beta1/projects pageSize=100
[debug] [2023-07-16T03:11:02.214Z] <<< [apiv2][status] GET https://firebase.googleapis.com/v1beta1/projects 200
[debug] [2023-07-16T03:11:02.215Z] <<< [apiv2][body] GET https://firebase.googleapis.com/v1beta1/projects [omitted]
[info] i  Using project contact-us123 (contact-us123) 
[info] 
=== Hosting Setup
[info] 
[info] Your public directory is the folder (relative to your project directory) that
[info] will contain Hosting assets to be uploaded with firebase deploy. If you
[info] have a build process for your assets, use your build's output directory.
[info] 
[info] +  Wrote public/404.html 
[debug] [2023-07-16T03:11:09.428Z] >>> [apiv2][query] GET https://www.gstatic.com/firebasejs/releases.json [none]
[debug] [2023-07-16T03:11:09.969Z] <<< [apiv2][status] GET https://www.gstatic.com/firebasejs/releases.json 200
[debug] [2023-07-16T03:11:09.969Z] <<< [apiv2][body] GET https://www.gstatic.com/firebasejs/releases.json {"current":{"version":"10.0.0","browserURL":"https://www.gstatic.com/firebasejs/10.0.0/firebase.js","packageURL":"https://www.gstatic.com/firebasejs/10.0.0/firebase.tgz"},"live":{"version":"10.0","browserURL":"https://www.gstatic.com/firebasejs/live/10.0/firebase.js","packageURL":"https://www.gstatic.com/firebasejs/live/10.0/firebase.tgz"},"components":{"analytics":"https://www.gstatic.com/firebasejs/10.0.0/firebase-analytics.js","app":"https://www.gstatic.com/firebasejs/10.0.0/firebase-app.js","app-check":"https://www.gstatic.com/firebasejs/10.0.0/firebase-app-check.js","auth":"https://www.gstatic.com/firebasejs/10.0.0/firebase-auth.js","auth/cordova":"https://www.gstatic.com/firebasejs/10.0.0/firebase-auth/cordova.js","functions":"https://www.gstatic.com/firebasejs/10.0.0/firebase-functions.js","firestore":"https://www.gstatic.com/firebasejs/10.0.0/firebase-firestore.js","firestore/lite":"https://www.gstatic.com/firebasejs/10.0.0/firebase-firestore/lite.js","installations":"https://www.gstatic.com/firebasejs/10.0.0/firebase-installations.js","storage":"https://www.gstatic.com/firebasejs/10.0.0/firebase-storage.js","performance":"https://www.gstatic.com/firebasejs/10.0.0/firebase-performance.js","remote-config":"https://www.gstatic.com/firebasejs/10.0.0/firebase-remote-config.js","messaging":"https://www.gstatic.com/firebasejs/10.0.0/firebase-messaging.js","messaging/sw":"https://www.gstatic.com/firebasejs/10.0.0/firebase-messaging/sw.js","database":"https://www.gstatic.com/firebasejs/10.0.0/firebase-database.js","firestore.memory":"https://www.gstatic.com/firebasejs/10.0.0/firebase-firestore.memory.js"}}
[info] +  Wrote public/index.html 
[info] 
[info] i  Didn't detect a .git folder. Assuming S:\deploy base\angular-firebase-crud-master\project is the project root. 
[info] i  Authorizing with GitHub to upload your service account to a GitHub repository's secrets store. 
[info] 
[info] Visit this URL on this device to log in:
[info] https://github.com/login/oauth/authorize?client_id=89cf50f02ac6aaed3484&state=314577939&redirect_uri=http%3A%2F%2Flocalhost%3A9005&scope=read%3Auser%20repo%20public_repo
[info] 
[info] Waiting for authentication...
[debug] [2023-07-16T03:11:20.452Z] >>> [apiv2][query] POST https://github.com/login/oauth/access_token [none]
[debug] [2023-07-16T03:11:20.454Z] >>> [apiv2][body] POST https://github.com/login/oauth/access_token [stream]
[debug] [2023-07-16T03:11:21.553Z] <<< [apiv2][status] POST https://github.com/login/oauth/access_token 200
[debug] [2023-07-16T03:11:21.554Z] <<< [apiv2][body] POST https://github.com/login/oauth/access_token {"access_token":"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","token_type":"bearer","scope":"read:user,repo"}
[debug] [2023-07-16T03:11:21.616Z] >>> [apiv2][query] GET https://api.github.com/user [none]
[debug] [2023-07-16T03:11:22.567Z] <<< [apiv2][status] GET https://api.github.com/user 200
[debug] [2023-07-16T03:11:22.569Z] <<< [apiv2][body] GET https://api.github.com/user {"login":"UptimeCoding","id":107131830,"node_id":"U_kgDOBmKztg","avatar_url":"https://avatars.githubusercontent.com/u/107131830?v=4","gravatar_id":"","url":"https://api.github.com/users/UptimeCoding","html_url":"https://github.com/UptimeCoding","followers_url":"https://api.github.com/users/UptimeCoding/followers","following_url":"https://api.github.com/users/UptimeCoding/following{/other_user}","gists_url":"https://api.github.com/users/UptimeCoding/gists{/gist_id}","starred_url":"https://api.github.com/users/UptimeCoding/starred{/owner}{/repo}","subscriptions_url":"https://api.github.com/users/UptimeCoding/subscriptions","organizations_url":"https://api.github.com/users/UptimeCoding/orgs","repos_url":"https://api.github.com/users/UptimeCoding/repos","events_url":"https://api.github.com/users/UptimeCoding/events{/privacy}","received_events_url":"https://api.github.com/users/UptimeCoding/received_events","type":"User","site_admin":false,"name":null,"company":null,"blog":"","location":null,"email":null,"hireable":null,"bio":null,"twitter_username":null,"public_repos":18,"public_gists":0,"followers":4,"following":0,"created_at":"2022-06-08T15:08:31Z","updated_at":"2023-05-11T15:19:15Z","private_gists":0,"total_private_repos":0,"owned_private_repos":0,"disk_usage":97620,"collaborators":0,"two_factor_authentication":false,"plan":{"name":"free","space":976562499,"collaborators":0,"private_repos":10000}}
[info] 
[info] +  Success! Logged into GitHub as UptimeCoding 
[info] 
[debug] [2023-07-16T03:13:00.071Z] >>> [apiv2][query] GET https://api.github.com/repos/UptimeCoding/Employee Management System In AngularJs and Firebase/actions/secrets/public-key type=owner
[debug] [2023-07-16T03:13:01.275Z] <<< [apiv2][status] GET https://api.github.com/repos/UptimeCoding/Employee Management System In AngularJs and Firebase/actions/secrets/public-key 404
[debug] [2023-07-16T03:13:01.276Z] <<< [apiv2][body] GET https://api.github.com/repos/UptimeCoding/Employee Management System In AngularJs and Firebase/actions/secrets/public-key {"message":"Not Found","documentation_url":"https://docs.github.com/rest/reference/actions#get-a-repository-public-key"}
[info] 
[info] 
[error] !  The provided authorization cannot be used with this repository. If this repository is in an organization, did you remember to grant access? 
[info] 
[info] i  Action required: Visit this URL to ensure access has been granted to the appropriate organization(s) for the Firebase CLI GitHub OAuth App: 
[info] https://github.com/settings/connections/applications/89cf50f02ac6aaed3484
[info] 
[debug] [2023-07-16T03:13:09.812Z] >>> [apiv2][query] GET https://api.github.com/repos/UptimeCoding/Employee Management System In AngularJs and Firebase/actions/secrets/public-key type=owner
[debug] [2023-07-16T03:13:10.694Z] <<< [apiv2][status] GET https://api.github.com/repos/UptimeCoding/Employee Management System In AngularJs and Firebase/actions/secrets/public-key 404
[debug] [2023-07-16T03:13:10.694Z] <<< [apiv2][body] GET https://api.github.com/repos/UptimeCoding/Employee Management System In AngularJs and Firebase/actions/secrets/public-key {"message":"Not Found","documentation_url":"https://docs.github.com/rest/reference/actions#get-a-repository-public-key"}
[info] 
[info] 
[error] !  The provided authorization cannot be used with this repository. If this repository is in an organization, did you remember to grant access? 
[info] 
[info] i  Action required: Visit this URL to ensure access has been granted to the appropriate organization(s) for the Firebase CLI GitHub OAuth App: 
[info] https://github.com/settings/connections/applications/89cf50f02ac6aaed3484
[info] 
[debug] [2023-07-16T03:13:17.122Z] >>> [apiv2][query] GET https://api.github.com/repos/UptimeCoding/Employee Management System In AngularJs and Firebasey/actions/secrets/public-key type=owner
[debug] [2023-07-16T03:13:17.760Z] <<< [apiv2][status] GET https://api.github.com/repos/UptimeCoding/Employee Management System In AngularJs and Firebasey/actions/secrets/public-key 404
[debug] [2023-07-16T03:13:17.760Z] <<< [apiv2][body] GET https://api.github.com/repos/UptimeCoding/Employee Management System In AngularJs and Firebasey/actions/secrets/public-key {"message":"Not Found","documentation_url":"https://docs.github.com/rest/reference/actions#get-a-repository-public-key"}
[info] 
[info] 
[error] !  The provided authorization cannot be used with this repository. If this repository is in an organization, did you remember to grant access? 
[info] 
[info] i  Action required: Visit this URL to ensure access has been granted to the appropriate organization(s) for the Firebase CLI GitHub OAuth App: 
[info] https://github.com/settings/connections/applications/89cf50f02ac6aaed3484
[info] 
[debug] [2023-07-16T03:13:27.569Z] >>> [apiv2][query] GET https://api.github.com/repos/UptimeCoding/Employee Management System In AngularJs and Firebasey/actions/secrets/public-key type=owner
[debug] [2023-07-16T03:13:27.932Z] >>> [apiv2][query] GET https://api.github.com/repos//actions/secrets/public-key type=owner
[debug] [2023-07-16T03:13:28.318Z] <<< [apiv2][status] GET https://api.github.com/repos/UptimeCoding/Employee Management System In AngularJs and Firebasey/actions/secrets/public-key 404
[debug] [2023-07-16T03:13:28.318Z] <<< [apiv2][body] GET https://api.github.com/repos/UptimeCoding/Employee Management System In AngularJs and Firebasey/actions/secrets/public-key {"message":"Not Found","documentation_url":"https://docs.github.com/rest/reference/actions#get-a-repository-public-key"}
[info] 
[info] 
[error] !  The provided authorization cannot be used with this repository. If this repository is in an organization, did you remember to grant access? 
[info] 
[info] i  Action required: Visit this URL to ensure access has been granted to the appropriate organization(s) for the Firebase CLI GitHub OAuth App: 
[info] https://github.com/settings/connections/applications/89cf50f02ac6aaed3484
[info] 
[debug] [2023-07-16T03:13:28.922Z] <<< [apiv2][status] GET https://api.github.com/repos//actions/secrets/public-key 404
[debug] [2023-07-16T03:13:28.922Z] <<< [apiv2][body] GET https://api.github.com/repos//actions/secrets/public-key {"message":"Not Found","documentation_url":"https://docs.github.com/rest"}
[info] 
[info] 
[error] !  The provided authorization cannot be used with this repository. If this repository is in an organization, did you remember to grant access? 
[info] 
[info] i  Action required: Visit this URL to ensure access has been granted to the appropriate organization(s) for the Firebase CLI GitHub OAuth App: 
[info] https://github.com/settings/connections/applications/89cf50f02ac6aaed3484
[info] 
[debug] [2023-07-16T03:14:01.462Z] ----------------------------------------------------------------------
[debug] [2023-07-16T03:14:01.464Z] Command:       C:\Program Files\nodejs\node.exe C:\Users\HP\AppData\Roaming\npm\node_modules\firebase-tools\lib\bin\firebase.js init
[debug] [2023-07-16T03:14:01.464Z] CLI Version:   12.4.4
[debug] [2023-07-16T03:14:01.465Z] Platform:      win32
[debug] [2023-07-16T03:14:01.465Z] Node Version:  v18.14.0
[debug] [2023-07-16T03:14:01.471Z] Time:          Sun Jul 16 2023 08:44:01 GMT+0530 (India Standard Time)
[debug] [2023-07-16T03:14:01.471Z] ----------------------------------------------------------------------
[debug] 
[debug] [2023-07-16T03:14:01.488Z] > command requires scopes: ["email","openid","https://www.googleapis.com/auth/cloudplatformprojects.readonly","https://www.googleapis.com/auth/firebase","https://www.googleapis.com/auth/cloud-platform"]
[debug] [2023-07-16T03:14:01.489Z] > authorizing via signed-in user (gitsketch@gmail.com)
[info] 
     ######## #### ########  ######## ########     ###     ######  ########
     ##        ##  ##     ## ##       ##     ##  ##   ##  ##       ##
     ######    ##  ########  ######   ########  #########  ######  ######
     ##        ##  ##    ##  ##       ##     ## ##     ##       ## ##
     ##       #### ##     ## ######## ########  ##     ##  ######  ########

You're about to initialize a Firebase project in this directory:

  S:\deploy base\angular-firebase-crud-master\project

[info] 
=== Project Setup
[info] 
[info] First, let's associate this project directory with a Firebase project.
[info] You can create multiple project aliases by running firebase use --add, 
[info] but for now we'll just set up a default project.
[info] 
[debug] [2023-07-16T03:14:06.573Z] >>> [apiv2][query] GET https://firebase.googleapis.com/v1beta1/projects pageSize=100
[debug] [2023-07-16T03:14:07.960Z] <<< [apiv2][status] GET https://firebase.googleapis.com/v1beta1/projects 200
[debug] [2023-07-16T03:14:07.960Z] <<< [apiv2][body] GET https://firebase.googleapis.com/v1beta1/projects [omitted]
[info] i  Using project contact-us123 (contact-us123) 
[info] 
=== Hosting Setup
[info] 
[info] Your public directory is the folder (relative to your project directory) that
[info] will contain Hosting assets to be uploaded with firebase deploy. If you
[info] have a build process for your assets, use your build's output directory.
[info] 
[info] i  Skipping write of public/404.html 
[debug] [2023-07-16T03:14:15.232Z] >>> [apiv2][query] GET https://www.gstatic.com/firebasejs/releases.json [none]
[debug] [2023-07-16T03:14:15.920Z] <<< [apiv2][status] GET https://www.gstatic.com/firebasejs/releases.json 200
[debug] [2023-07-16T03:14:15.921Z] <<< [apiv2][body] GET https://www.gstatic.com/firebasejs/releases.json {"current":{"version":"10.0.0","browserURL":"https://www.gstatic.com/firebasejs/10.0.0/firebase.js","packageURL":"https://www.gstatic.com/firebasejs/10.0.0/firebase.tgz"},"live":{"version":"10.0","browserURL":"https://www.gstatic.com/firebasejs/live/10.0/firebase.js","packageURL":"https://www.gstatic.com/firebasejs/live/10.0/firebase.tgz"},"components":{"analytics":"https://www.gstatic.com/firebasejs/10.0.0/firebase-analytics.js","app":"https://www.gstatic.com/firebasejs/10.0.0/firebase-app.js","app-check":"https://www.gstatic.com/firebasejs/10.0.0/firebase-app-check.js","auth":"https://www.gstatic.com/firebasejs/10.0.0/firebase-auth.js","auth/cordova":"https://www.gstatic.com/firebasejs/10.0.0/firebase-auth/cordova.js","functions":"https://www.gstatic.com/firebasejs/10.0.0/firebase-functions.js","firestore":"https://www.gstatic.com/firebasejs/10.0.0/firebase-firestore.js","firestore/lite":"https://www.gstatic.com/firebasejs/10.0.0/firebase-firestore/lite.js","installations":"https://www.gstatic.com/firebasejs/10.0.0/firebase-installations.js","storage":"https://www.gstatic.com/firebasejs/10.0.0/firebase-storage.js","performance":"https://www.gstatic.com/firebasejs/10.0.0/firebase-performance.js","remote-config":"https://www.gstatic.com/firebasejs/10.0.0/firebase-remote-config.js","messaging":"https://www.gstatic.com/firebasejs/10.0.0/firebase-messaging.js","messaging/sw":"https://www.gstatic.com/firebasejs/10.0.0/firebase-messaging/sw.js","database":"https://www.gstatic.com/firebasejs/10.0.0/firebase-database.js","firestore.memory":"https://www.gstatic.com/firebasejs/10.0.0/firebase-firestore.memory.js"}}
[info] i  Skipping write of public/index.html 
[info] 
[info] i  Didn't detect a .git folder. Assuming S:\deploy base\angular-firebase-crud-master\project is the project root. 
[info] i  Authorizing with GitHub to upload your service account to a GitHub repository's secrets store. 
[info] 
[info] Visit this URL on this device to log in:
[info] https://github.com/login/oauth/authorize?client_id=89cf50f02ac6aaed3484&state=522243312&redirect_uri=http%3A%2F%2Flocalhost%3A9005&scope=read%3Auser%20repo%20public_repo
[info] 
[info] Waiting for authentication...
[debug] [2023-07-16T03:14:20.857Z] >>> [apiv2][query] POST https://github.com/login/oauth/access_token [none]
[debug] [2023-07-16T03:14:20.859Z] >>> [apiv2][body] POST https://github.com/login/oauth/access_token [stream]
[debug] [2023-07-16T03:14:21.655Z] <<< [apiv2][status] POST https://github.com/login/oauth/access_token 200
[debug] [2023-07-16T03:14:21.656Z] <<< [apiv2][body] POST https://github.com/login/oauth/access_token {"access_token":"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","token_type":"bearer","scope":"read:user,repo"}
[debug] [2023-07-16T03:14:21.682Z] >>> [apiv2][query] GET https://api.github.com/user [none]
[debug] [2023-07-16T03:14:22.681Z] <<< [apiv2][status] GET https://api.github.com/user 200
[debug] [2023-07-16T03:14:22.683Z] <<< [apiv2][body] GET https://api.github.com/user {"login":"UptimeCoding","id":107131830,"node_id":"U_kgDOBmKztg","avatar_url":"https://avatars.githubusercontent.com/u/107131830?v=4","gravatar_id":"","url":"https://api.github.com/users/UptimeCoding","html_url":"https://github.com/UptimeCoding","followers_url":"https://api.github.com/users/UptimeCoding/followers","following_url":"https://api.github.com/users/UptimeCoding/following{/other_user}","gists_url":"https://api.github.com/users/UptimeCoding/gists{/gist_id}","starred_url":"https://api.github.com/users/UptimeCoding/starred{/owner}{/repo}","subscriptions_url":"https://api.github.com/users/UptimeCoding/subscriptions","organizations_url":"https://api.github.com/users/UptimeCoding/orgs","repos_url":"https://api.github.com/users/UptimeCoding/repos","events_url":"https://api.github.com/users/UptimeCoding/events{/privacy}","received_events_url":"https://api.github.com/users/UptimeCoding/received_events","type":"User","site_admin":false,"name":null,"company":null,"blog":"","location":null,"email":null,"hireable":null,"bio":null,"twitter_username":null,"public_repos":18,"public_gists":0,"followers":4,"following":0,"created_at":"2022-06-08T15:08:31Z","updated_at":"2023-05-11T15:19:15Z","private_gists":0,"total_private_repos":0,"owned_private_repos":0,"disk_usage":97620,"collaborators":0,"two_factor_authentication":false,"plan":{"name":"free","space":976562499,"collaborators":0,"private_repos":10000}}
[info] 
[info] +  Success! Logged into GitHub as UptimeCoding 
[info] 
[debug] [2023-07-16T03:14:48.202Z] >>> [apiv2][query] GET https://api.github.com/repos/UptimeCoding/Employee Management System /actions/secrets/public-key type=owner
[debug] [2023-07-16T03:14:48.894Z] <<< [apiv2][status] GET https://api.github.com/repos/UptimeCoding/Employee Management System /actions/secrets/public-key 404
[debug] [2023-07-16T03:14:48.895Z] <<< [apiv2][body] GET https://api.github.com/repos/UptimeCoding/Employee Management System /actions/secrets/public-key {"message":"Not Found","documentation_url":"https://docs.github.com/rest/reference/actions#get-a-repository-public-key"}
[info] 
[info] 
[error] !  The provided authorization cannot be used with this repository. If this repository is in an organization, did you remember to grant access? 
[info] 
[info] i  Action required: Visit this URL to ensure access has been granted to the appropriate organization(s) for the Firebase CLI GitHub OAuth App: 
[info] https://github.com/settings/connections/applications/89cf50f02ac6aaed3484
[info] 
[debug] [2023-07-16T03:15:41.127Z] >>> [apiv2][query] GET https://api.github.com/repos/UptimeCoding/Employee Management System /actions/secrets/public-key type=owner
[debug] [2023-07-16T03:15:41.616Z] >>> [apiv2][query] GET https://api.github.com/repos//actions/secrets/public-key type=owner
[debug] [2023-07-16T03:15:42.146Z] <<< [apiv2][status] GET https://api.github.com/repos/UptimeCoding/Employee Management System /actions/secrets/public-key 404
[debug] [2023-07-16T03:15:42.146Z] <<< [apiv2][body] GET https://api.github.com/repos/UptimeCoding/Employee Management System /actions/secrets/public-key {"message":"Not Found","documentation_url":"https://docs.github.com/rest/reference/actions#get-a-repository-public-key"}
[info] 
[info] 
[error] !  The provided authorization cannot be used with this repository. If this repository is in an organization, did you remember to grant access? 
[info] 
[info] i  Action required: Visit this URL to ensure access has been granted to the appropriate organization(s) for the Firebase CLI GitHub OAuth App: 
[info] https://github.com/settings/connections/applications/89cf50f02ac6aaed3484
[info] 
[debug] [2023-07-16T03:15:42.266Z] <<< [apiv2][status] GET https://api.github.com/repos//actions/secrets/public-key 404
[debug] [2023-07-16T03:15:42.266Z] <<< [apiv2][body] GET https://api.github.com/repos//actions/secrets/public-key {"message":"Not Found","documentation_url":"https://docs.github.com/rest"}
[info] 
[info] 
[error] !  The provided authorization cannot be used with this repository. If this repository is in an organization, did you remember to grant access? 
[info] 
[info] i  Action required: Visit this URL to ensure access has been granted to the appropriate organization(s) for the Firebase CLI GitHub OAuth App: 
[info] https://github.com/settings/connections/applications/89cf50f02ac6aaed3484
[info] 
[debug] [2023-07-16T03:15:43.412Z] >>> [apiv2][query] GET https://api.github.com/repos/UptimeCoding/Employee Management System /actions/secrets/public-key type=owner
[debug] [2023-07-16T03:15:44.398Z] <<< [apiv2][status] GET https://api.github.com/repos/UptimeCoding/Employee Management System /actions/secrets/public-key 404
[debug] [2023-07-16T03:15:44.398Z] <<< [apiv2][body] GET https://api.github.com/repos/UptimeCoding/Employee Management System /actions/secrets/public-key {"message":"Not Found","documentation_url":"https://docs.github.com/rest/reference/actions#get-a-repository-public-key"}
[info] 
[info] 
[error] !  The provided authorization cannot be used with this repository. If this repository is in an organization, did you remember to grant access? 
[info] 
[info] i  Action required: Visit this URL to ensure access has been granted to the appropriate organization(s) for the Firebase CLI GitHub OAuth App: 
[info] https://github.com/settings/connections/applications/89cf50f02ac6aaed3484
[info] 
[debug] [2023-07-16T03:15:45.936Z] >>> [apiv2][query] GET https://api.github.com/repos/UptimeCoding/Employee Management System /actions/secrets/public-key type=owner
[debug] [2023-07-16T03:15:46.650Z] <<< [apiv2][status] GET https://api.github.com/repos/UptimeCoding/Employee Management System /actions/secrets/public-key 404
[debug] [2023-07-16T03:15:46.650Z] <<< [apiv2][body] GET https://api.github.com/repos/UptimeCoding/Employee Management System /actions/secrets/public-key {"message":"Not Found","documentation_url":"https://docs.github.com/rest/reference/actions#get-a-repository-public-key"}
[info] 
[info] 
[error] !  The provided authorization cannot be used with this repository. If this repository is in an organization, did you remember to grant access? 
[info] 
[info] i  Action required: Visit this URL to ensure access has been granted to the appropriate organization(s) for the Firebase CLI GitHub OAuth App: 
[info] https://github.com/settings/connections/applications/89cf50f02ac6aaed3484
[info] 
